<?xml version="1.0" encoding="UTF-8"?>
<!-- Generated by org.testng.reporters.JUnitXMLReporter -->
<testsuite hostname="CDC2-D-4V8RX52" ignored="0" name="Default test" tests="4" failures="0" timestamp="25 Apr 2019 06:19:13 GMT" time="30.983" errors="0">
  <testcase name="testLogin" time="4.88" classname="Casestudy01.cs_01"/>
  <testcase name="testCart1" time="0.719" classname="Casestudy01.cs_01"/>
  <testcase name="checkHandbag" time="1.456" classname="Casestudy01.cs_01"/>
  <testcase name="testPayment" time="5.639" classname="Casestudy01.cs_01"/>
</testsuite> <!-- Default test -->
